<?xml version="1.0" encoding="UTF-8"?>
<!-- Generated by org.testng.reporters.JUnitXMLReporter -->
<testsuite hostname="DESKTOP-UOOIJVH" ignored="0" name="Usando firefox en windows" tests="11" failures="0" timestamp="17 mar 2019 14:24:43 GMT" time="8.311" errors="0">
  <testcase name="statusCodeTest" time="2.326" classname="com.unknow.test.services.CiudadTest"/>
  <testcase name="contentTypeTest" time="0.458" classname="com.unknow.test.services.CiudadTest"/>
  <testcase name="logRequestAndResponseTest" time="0.562" classname="com.unknow.test.services.CiudadTest"/>
  <testcase name="stateNameInResponseBodyTest" time="0.991" classname="com.unknow.test.services.CiudadTest"/>
  <testcase name="listOfPlaceNamesInResponseBodyTest" time="0.516" classname="com.unknow.test.services.CiudadTest"/>
  <testcase name="numberOfPlaceNamesInResponseBodyTest" time="0.471" classname="com.unknow.test.services.CiudadTest"/>
  <testcase name="placeNameInResponseBodyTest" time="0.452" classname="com.unknow.test.services.CiudadTest"/>
  <testcase name="placeNameInResponseBodyTest" time="0.446" classname="com.unknow.test.services.CiudadTest"/>
  <testcase name="placeNameInResponseBodyTest" time="0.459" classname="com.unknow.test.services.CiudadTest"/>
  <testcase name="placeNameInResponseBodyTest" time="0.465" classname="com.unknow.test.services.CiudadTest"/>
  <testcase name="placeNameFromResponseBodyTest_assertEqualTo" time="0.497" classname="com.unknow.test.services.CiudadTest"/>
</testsuite> <!-- Usando firefox en windows -->
