<?xml version="1.0" encoding="UTF-8"?>
<!-- Generated by org.testng.reporters.JUnitXMLReporter -->
<testsuite hostname="DESKTOP-UOOIJVH" ignored="0" name="Prueba de Servicio Simulado" tests="6" failures="0" timestamp="17 mar 2019 15:09:05 GMT" time="3.467" errors="0">
  <testcase name="getAll" time="2.394" classname="com.unknow.test.services.InsumoTest"/>
  <testcase name="getByIdUsingPathParam" time="0.089" classname="com.unknow.test.services.InsumoTest"/>
  <testcase name="addProductBadRequest" time="0.129" classname="com.unknow.test.services.InsumoTest"/>
  <testcase name="addProduct" time="0.168" classname="com.unknow.test.services.InsumoTest"/>
  <testcase name="getByIdUsingQueryParam" time="0.074" classname="com.unknow.test.services.InsumoTest"/>
  <testcase name="deleteProduct" time="0.051" classname="com.unknow.test.services.InsumoTest"/>
</testsuite> <!-- Prueba de Servicio Simulado -->
