<?xml version="1.0" encoding="UTF-8"?>
<!-- Generated by org.testng.reporters.JUnitXMLReporter -->
<testsuite hostname="DESKTOP-UOOIJVH" ignored="0" name="Default test" tests="14" failures="1" timestamp="15 mar 2019 04:25:00 GMT" time="18.593" errors="0">
  <testcase name="requestCaZipCodeB2R_checkPlaceNameInResponseBody_expectWaverley" time="2.203" classname="com.unknow.test.services.CiudadTest"/>
  <testcase name="requestUsZipCode12345_checkPlaceNameInResponseBody_expectSchenectady" time="0.453" classname="com.unknow.test.services.CiudadTest"/>
  <testcase name="requestUsZipCode90210_checkContentType_expectApplicationJson" time="6.461" classname="com.unknow.test.services.CiudadTest"/>
  <testcase name="requestUsZipCode90210_checkListOfPlaceNamesInResponseBody_expectContainsBeverlyHills" time="0.468" classname="com.unknow.test.services.CiudadTest"/>
  <testcase name="requestUsZipCode90210_checkNumberOfPlaceNamesInResponseBody_expectOne" time="0.529" classname="com.unknow.test.services.CiudadTest"/>
  <testcase name="requestUsZipCode90210_checkPlaceNameInResponseBody_expectBeverlyHills_withRequestSpec" time="0.428" classname="com.unknow.test.services.CiudadTest"/>
  <testcase name="requestUsZipCode90210_checkPlaceNameInResponseBody_expectBeverlyHills_withResponseSpec" time="0.527" classname="com.unknow.test.services.CiudadTest"/>
  <testcase name="requestUsZipCode90210_checkStateNameInResponseBody_expectCalifornia" time="0.734" classname="com.unknow.test.services.CiudadTest"/>
  <testcase name="requestUsZipCode90210_checkStatusCode_expectHttp200" time="0.429" classname="com.unknow.test.services.CiudadTest"/>
  <testcase name="requestUsZipCode90210_extractPlaceNameFromResponseBody_assertEqualToBeverlyHills" time="0.443" classname="com.unknow.test.services.CiudadTest">
    <failure type="java.lang.AssertionError" message="expected [Beverly Hills] but found [null]">
      <![CDATA[java.lang.AssertionError: expected [Beverly Hills] but found [null]
	at org.testng.Assert.fail(Assert.java:93)
	at org.testng.Assert.failNotEquals(Assert.java:512)
	at org.testng.Assert.assertEqualsImpl(Assert.java:129)
	at org.testng.Assert.assertEquals(Assert.java:115)
	at org.testng.Assert.assertEquals(Assert.java:189)
	at org.testng.Assert.assertEquals(Assert.java:199)
	at com.unknow.test.services.CiudadTest.requestUsZipCode90210_extractPlaceNameFromResponseBody_assertEqualToBeverlyHills(CiudadTest.java:200)
	at sun.reflect.NativeMethodAccessorImpl.invoke0(Native Method)
	at sun.reflect.NativeMethodAccessorImpl.invoke(Unknown Source)
	at sun.reflect.DelegatingMethodAccessorImpl.invoke(Unknown Source)
	at java.lang.reflect.Method.invoke(Unknown Source)
	at org.testng.internal.MethodInvocationHelper.invokeMethod(MethodInvocationHelper.java:108)
	at org.testng.internal.Invoker.invokeMethod(Invoker.java:661)
	at org.testng.internal.Invoker.invokeTestMethod(Invoker.java:869)
	at org.testng.internal.Invoker.invokeTestMethods(Invoker.java:1193)
	at org.testng.internal.TestMethodWorker.invokeTestMethods(TestMethodWorker.java:126)
	at org.testng.internal.TestMethodWorker.run(TestMethodWorker.java:109)
	at org.testng.TestRunner.privateRun(TestRunner.java:744)
	at org.testng.TestRunner.run(TestRunner.java:602)
	at org.testng.SuiteRunner.runTest(SuiteRunner.java:380)
	at org.testng.SuiteRunner.runSequentially(SuiteRunner.java:375)
	at org.testng.SuiteRunner.privateRun(SuiteRunner.java:340)
	at org.testng.SuiteRunner.run(SuiteRunner.java:289)
	at org.testng.SuiteRunnerWorker.runSuite(SuiteRunnerWorker.java:52)
	at org.testng.SuiteRunnerWorker.run(SuiteRunnerWorker.java:86)
	at org.testng.TestNG.runSuitesSequentially(TestNG.java:1301)
	at org.testng.TestNG.runSuitesLocally(TestNG.java:1226)
	at org.testng.TestNG.runSuites(TestNG.java:1144)
	at org.testng.TestNG.run(TestNG.java:1115)
	at org.testng.remote.AbstractRemoteTestNG.run(AbstractRemoteTestNG.java:114)
	at org.testng.remote.RemoteTestNG.initAndRun(RemoteTestNG.java:251)
	at org.testng.remote.RemoteTestNG.main(RemoteTestNG.java:77)
]]>
    </failure>
  </testcase> <!-- requestUsZipCode90210_extractPlaceNameFromResponseBody_assertEqualToBeverlyHills -->
  <testcase name="requestUsZipCode90210_logRequestAndResponseDetails" time="0.464" classname="com.unknow.test.services.CiudadTest"/>
  <testcase name="requestZipCodesFromCollection_checkPlaceNameInResponseBody_expectSpecifiedPlaceName" time="3.974" classname="com.unknow.test.services.CiudadTest"/>
  <testcase name="requestZipCodesFromCollection_checkPlaceNameInResponseBody_expectSpecifiedPlaceName" time="0.437" classname="com.unknow.test.services.CiudadTest"/>
  <testcase name="requestZipCodesFromCollection_checkPlaceNameInResponseBody_expectSpecifiedPlaceName" time="0.432" classname="com.unknow.test.services.CiudadTest"/>
</testsuite> <!-- Default test -->
