<?xml version="1.0" encoding="UTF-8"?>
<!-- Generated by org.testng.reporters.JUnitXMLReporter -->
<testsuite hostname="DESKTOP-UOOIJVH" ignored="2" name="Limpiar registros " tests="2" failures="0" timestamp="14 mar 2019 21:15:33 GMT" time="36.051" errors="0">
  <testcase name="modifyEmailTest" time="11.646" classname="com.unknow.test.AccessTest"/>
  <testcase name="modifyEmailTest" time="17.487" classname="com.unknow.test.AccessTest"/>
  <testcase name="registWithFullParametersTest" time="0.0" classname="com.unknow.test.AccessTest">
    <ignored/>
  </testcase> <!-- registWithFullParametersTest -->
  <testcase name="registWithRequiredParametersTest" time="0.0" classname="com.unknow.test.AccessTest">
    <ignored/>
  </testcase> <!-- registWithRequiredParametersTest -->
</testsuite> <!-- Limpiar registros  -->
