<?xml version="1.0" encoding="UTF-8"?>
<!-- Generated by org.testng.reporters.JUnitXMLReporter -->
<testsuite hostname="DESKTOP-UOOIJVH" ignored="2" name="Limpiar registros Test" tests="2" failures="0" timestamp="14 mar 2019 21:12:23 GMT" time="42.891" errors="0">
  <testcase name="modifyEmailTest" time="12.312" classname="com.unknow.test.AccessTest"/>
  <testcase name="modifyEmailTest" time="12.405" classname="com.unknow.test.AccessTest"/>
  <testcase name="registWithFullParametersTest" time="0.0" classname="com.unknow.test.AccessTest">
    <ignored/>
  </testcase> <!-- registWithFullParametersTest -->
  <testcase name="registWithRequiredParametersTest" time="0.0" classname="com.unknow.test.AccessTest">
    <ignored/>
  </testcase> <!-- registWithRequiredParametersTest -->
</testsuite> <!-- Limpiar registros Test -->
