<?xml version="1.0" encoding="UTF-8"?>
<!-- Generated by org.testng.reporters.JUnitXMLReporter -->
<testsuite hostname="DESKTOP-UOOIJVH" ignored="2" name="Registro Test" tests="2" failures="0" timestamp="14 mar 2019 21:00:06 GMT" time="47.524" errors="0">
  <testcase name="modifyEmailTest" time="12.911" classname="com.unknow.test.AccessTest"/>
  <testcase name="modifyEmailTest" time="11.909" classname="com.unknow.test.AccessTest"/>
  <testcase name="registWithFullParametersTest" time="0.0" classname="com.unknow.test.AccessTest">
    <ignored/>
  </testcase> <!-- registWithFullParametersTest -->
  <testcase name="registWithRequiredParametersTest" time="0.0" classname="com.unknow.test.AccessTest">
    <ignored/>
  </testcase> <!-- registWithRequiredParametersTest -->
</testsuite> <!-- Registro Test -->
